/root/alemanac/config.ru:9:in `block (2 levels) in <main>': uninitialized constant HomeController (NameError)
	from /var/lib/gems/1.9.1/gems/rack-1.6.4/lib/rack/builder.rb:55:in `instance_eval'
	from /var/lib/gems/1.9.1/gems/rack-1.6.4/lib/rack/builder.rb:55:in `initialize'
	from /var/lib/gems/1.9.1/gems/rack-1.6.4/lib/rack/builder.rb:160:in `new'
	from /var/lib/gems/1.9.1/gems/rack-1.6.4/lib/rack/builder.rb:160:in `block in generate_map'
	from /var/lib/gems/1.9.1/gems/rack-1.6.4/lib/rack/builder.rb:160:in `each'
	from /var/lib/gems/1.9.1/gems/rack-1.6.4/lib/rack/builder.rb:160:in `generate_map'
	from /var/lib/gems/1.9.1/gems/rack-1.6.4/lib/rack/builder.rb:145:in `to_app'
	from /root/alemanac/config.ru:in `<main>'
	from /var/lib/gems/1.9.1/gems/rack-1.6.4/lib/rack/builder.rb:49:in `eval'
	from /var/lib/gems/1.9.1/gems/rack-1.6.4/lib/rack/builder.rb:49:in `new_from_string'
	from /var/lib/gems/1.9.1/gems/rack-1.6.4/lib/rack/builder.rb:40:in `parse_file'
	from /var/lib/gems/1.9.1/gems/rack-1.6.4/lib/rack/server.rb:299:in `build_app_and_options_from_config'
	from /var/lib/gems/1.9.1/gems/rack-1.6.4/lib/rack/server.rb:208:in `app'
	from /var/lib/gems/1.9.1/gems/rack-1.6.4/lib/rack/server.rb:336:in `wrapped_app'
	from /var/lib/gems/1.9.1/gems/rack-1.6.4/lib/rack/server.rb:272:in `start'
	from /var/lib/gems/1.9.1/gems/rack-1.6.4/lib/rack/server.rb:147:in `start'
	from /var/lib/gems/1.9.1/gems/rack-1.6.4/bin/rackup:4:in `<top (required)>'
	from /usr/local/bin/rackup:23:in `load'
	from /usr/local/bin/rackup:23:in `<main>'
